<?xml version="1.0" encoding="UTF-8"?>
<testsuite name="com.tripsta.talos.TalosApplicationTests" tests="1" skipped="0" failures="0" errors="0" timestamp="2016-12-08T16:47:36" hostname="thodoras-Latitude-E7470" time="0.035">
  <properties/>
  <testcase name="contextLoads" classname="com.tripsta.talos.TalosApplicationTests" time="0.035"/>
  <system-out><![CDATA[18:47:19.106 [Test worker] DEBUG org.springframework.test.context.junit4.SpringJUnit4ClassRunner - SpringJUnit4ClassRunner constructor called with [class com.tripsta.talos.TalosApplicationTests]
18:47:19.113 [Test worker] DEBUG org.springframework.test.context.BootstrapUtils - Instantiating CacheAwareContextLoaderDelegate from class [org.springframework.test.context.cache.DefaultCacheAwareContextLoaderDelegate]
18:47:19.133 [Test worker] DEBUG org.springframework.test.context.BootstrapUtils - Instantiating BootstrapContext using constructor [public org.springframework.test.context.support.DefaultBootstrapContext(java.lang.Class,org.springframework.test.context.CacheAwareContextLoaderDelegate)]
18:47:19.204 [Test worker] DEBUG org.springframework.test.context.BootstrapUtils - Instantiating TestContextBootstrapper for test class [com.tripsta.talos.TalosApplicationTests] from class [org.springframework.boot.test.context.SpringBootTestContextBootstrapper]
18:47:19.262 [Test worker] INFO org.springframework.boot.test.context.SpringBootTestContextBootstrapper - Neither @ContextConfiguration nor @ContextHierarchy found for test class [com.tripsta.talos.TalosApplicationTests], using SpringBootContextLoader
18:47:19.272 [Test worker] DEBUG org.springframework.test.context.support.AbstractContextLoader - Did not detect default resource location for test class [com.tripsta.talos.TalosApplicationTests]: class path resource [com/tripsta/talos/TalosApplicationTests-context.xml] does not exist
18:47:19.282 [Test worker] DEBUG org.springframework.test.context.support.AbstractContextLoader - Did not detect default resource location for test class [com.tripsta.talos.TalosApplicationTests]: class path resource [com/tripsta/talos/TalosApplicationTestsContext.groovy] does not exist
18:47:19.286 [Test worker] INFO org.springframework.test.context.support.AbstractContextLoader - Could not detect default resource locations for test class [com.tripsta.talos.TalosApplicationTests]: no resource found for suffixes {-context.xml, Context.groovy}.
18:47:19.292 [Test worker] INFO org.springframework.test.context.support.AnnotationConfigContextLoaderUtils - Could not detect default configuration classes for test class [com.tripsta.talos.TalosApplicationTests]: TalosApplicationTests does not declare any static, non-private, non-final, nested classes annotated with @Configuration.
18:47:19.432 [Test worker] DEBUG org.springframework.test.context.support.ActiveProfilesUtils - Could not find an 'annotation declaring class' for annotation type [org.springframework.test.context.ActiveProfiles] and class [com.tripsta.talos.TalosApplicationTests]
18:47:19.555 [Test worker] DEBUG org.springframework.core.env.StandardEnvironment - Adding [systemProperties] PropertySource with lowest search precedence
18:47:19.557 [Test worker] DEBUG org.springframework.core.env.StandardEnvironment - Adding [systemEnvironment] PropertySource with lowest search precedence
18:47:19.558 [Test worker] DEBUG org.springframework.core.env.StandardEnvironment - Initialized StandardEnvironment with PropertySources [systemProperties,systemEnvironment]
18:47:19.589 [Test worker] DEBUG org.springframework.core.io.support.PathMatchingResourcePatternResolver - Resolved classpath location [com/tripsta/talos/] to resources [URL [file:/home/thodoras/projects/talos_rework/build/classes/test/com/tripsta/talos/], URL [file:/home/thodoras/projects/talos_rework/build/classes/main/com/tripsta/talos/]]
18:47:19.594 [Test worker] DEBUG org.springframework.core.io.support.PathMatchingResourcePatternResolver - Looking for matching resources in directory tree [/home/thodoras/projects/talos_rework/build/classes/test/com/tripsta/talos]
18:47:19.595 [Test worker] DEBUG org.springframework.core.io.support.PathMatchingResourcePatternResolver - Searching directory [/home/thodoras/projects/talos_rework/build/classes/test/com/tripsta/talos] for files matching pattern [/home/thodoras/projects/talos_rework/build/classes/test/com/tripsta/talos/*.class]
18:47:19.607 [Test worker] DEBUG org.springframework.core.io.support.PathMatchingResourcePatternResolver - Looking for matching resources in directory tree [/home/thodoras/projects/talos_rework/build/classes/main/com/tripsta/talos]
18:47:19.608 [Test worker] DEBUG org.springframework.core.io.support.PathMatchingResourcePatternResolver - Searching directory [/home/thodoras/projects/talos_rework/build/classes/main/com/tripsta/talos] for files matching pattern [/home/thodoras/projects/talos_rework/build/classes/main/com/tripsta/talos/*.class]
18:47:19.610 [Test worker] DEBUG org.springframework.core.io.support.PathMatchingResourcePatternResolver - Resolved location pattern [classpath*:com/tripsta/talos/*.class] to resources [file [/home/thodoras/projects/talos_rework/build/classes/test/com/tripsta/talos/TalosApplicationTests.class], file [/home/thodoras/projects/talos_rework/build/classes/main/com/tripsta/talos/TalosApplication.class]]
18:47:19.824 [Test worker] DEBUG org.springframework.context.annotation.ClassPathScanningCandidateComponentProvider - Identified candidate component class: file [/home/thodoras/projects/talos_rework/build/classes/main/com/tripsta/talos/TalosApplication.class]
18:47:19.826 [Test worker] INFO org.springframework.boot.test.context.SpringBootTestContextBootstrapper - Found @SpringBootConfiguration com.tripsta.talos.TalosApplication for test class com.tripsta.talos.TalosApplicationTests
18:47:19.850 [Test worker] DEBUG org.springframework.boot.test.context.SpringBootTestContextBootstrapper - @TestExecutionListeners is not present for class [com.tripsta.talos.TalosApplicationTests]: using defaults.
18:47:19.876 [Test worker] INFO org.springframework.boot.test.context.SpringBootTestContextBootstrapper - Loaded default TestExecutionListener class names from location [META-INF/spring.factories]: [org.springframework.boot.test.mock.mockito.MockitoTestExecutionListener, org.springframework.boot.test.mock.mockito.ResetMocksTestExecutionListener, org.springframework.boot.test.autoconfigure.restdocs.RestDocsTestExecutionListener, org.springframework.boot.test.autoconfigure.web.client.MockRestServiceServerResetTestExecutionListener, org.springframework.boot.test.autoconfigure.web.servlet.MockMvcPrintOnlyOnFailureTestExecutionListener, org.springframework.boot.test.autoconfigure.web.servlet.WebDriverTestExecutionListener, org.springframework.test.context.web.ServletTestExecutionListener, org.springframework.test.context.support.DirtiesContextBeforeModesTestExecutionListener, org.springframework.test.context.support.DependencyInjectionTestExecutionListener, org.springframework.test.context.support.DirtiesContextTestExecutionListener, org.springframework.test.context.transaction.TransactionalTestExecutionListener, org.springframework.test.context.jdbc.SqlScriptsTestExecutionListener]
18:47:19.932 [Test worker] INFO org.springframework.boot.test.context.SpringBootTestContextBootstrapper - Using TestExecutionListeners: [org.springframework.test.context.web.ServletTestExecutionListener@7692d6ef, org.springframework.test.context.support.DirtiesContextBeforeModesTestExecutionListener@5ea25a15, org.springframework.boot.test.autoconfigure.SpringBootDependencyInjectionTestExecutionListener@39f70b36, org.springframework.test.context.support.DirtiesContextTestExecutionListener@44be4829, org.springframework.test.context.transaction.TransactionalTestExecutionListener@247bdbff, org.springframework.test.context.jdbc.SqlScriptsTestExecutionListener@68c55f97, org.springframework.boot.test.mock.mockito.MockitoTestExecutionListener@69ea5702, org.springframework.boot.test.mock.mockito.ResetMocksTestExecutionListener@5f23a516, org.springframework.boot.test.autoconfigure.web.servlet.MockMvcPrintOnlyOnFailureTestExecutionListener@257d292e, org.springframework.boot.test.autoconfigure.restdocs.RestDocsTestExecutionListener@6786e3f1, org.springframework.boot.test.autoconfigure.web.client.MockRestServiceServerResetTestExecutionListener@5ceffa44, org.springframework.boot.test.autoconfigure.web.servlet.WebDriverTestExecutionListener@1ea6efda]
18:47:19.948 [Test worker] DEBUG org.springframework.test.annotation.ProfileValueUtils - Retrieved @ProfileValueSourceConfiguration [null] for test class [com.tripsta.talos.TalosApplicationTests]
18:47:19.948 [Test worker] DEBUG org.springframework.test.annotation.ProfileValueUtils - Retrieved ProfileValueSource type [class org.springframework.test.annotation.SystemProfileValueSource] for class [com.tripsta.talos.TalosApplicationTests]
18:47:19.951 [Test worker] DEBUG org.springframework.test.annotation.ProfileValueUtils - Retrieved @ProfileValueSourceConfiguration [null] for test class [com.tripsta.talos.TalosApplicationTests]
18:47:19.952 [Test worker] DEBUG org.springframework.test.annotation.ProfileValueUtils - Retrieved ProfileValueSource type [class org.springframework.test.annotation.SystemProfileValueSource] for class [com.tripsta.talos.TalosApplicationTests]
18:47:19.961 [Test worker] DEBUG org.springframework.test.context.support.AbstractDirtiesContextTestExecutionListener - Before test class: context [DefaultTestContext@698bbc2a testClass = TalosApplicationTests, testInstance = [null], testMethod = [null], testException = [null], mergedContextConfiguration = [WebMergedContextConfiguration@60a58472 testClass = TalosApplicationTests, locations = '{}', classes = '{class com.tripsta.talos.TalosApplication}', contextInitializerClasses = '[]', activeProfiles = '{}', propertySourceLocations = '{}', propertySourceProperties = '{org.springframework.boot.test.context.SpringBootTestContextBootstrapper=true}', contextCustomizers = set[org.springframework.boot.test.context.SpringBootTestContextCustomizer@27e635e4, org.springframework.boot.test.context.filter.ExcludeFilterContextCustomizer@7bc054f5, org.springframework.boot.test.mock.mockito.MockitoContextCustomizer@0, org.springframework.boot.test.autoconfigure.properties.PropertyMappingContextCustomizer@0, org.springframework.boot.test.autoconfigure.web.servlet.WebDriverContextCustomizerFactory$Customizer@2d83c98a], resourceBasePath = 'src/main/webapp', contextLoader = 'org.springframework.boot.test.context.SpringBootContextLoader', parent = [null]]], class annotated with @DirtiesContext [false] with mode [null].
18:47:19.962 [Test worker] DEBUG org.springframework.test.annotation.ProfileValueUtils - Retrieved @ProfileValueSourceConfiguration [null] for test class [com.tripsta.talos.TalosApplicationTests]
18:47:19.963 [Test worker] DEBUG org.springframework.test.annotation.ProfileValueUtils - Retrieved ProfileValueSource type [class org.springframework.test.annotation.SystemProfileValueSource] for class [com.tripsta.talos.TalosApplicationTests]
18:47:20.048 [Test worker] DEBUG org.springframework.core.env.StandardEnvironment - Adding [systemProperties] PropertySource with lowest search precedence
18:47:20.049 [Test worker] DEBUG org.springframework.core.env.StandardEnvironment - Adding [systemEnvironment] PropertySource with lowest search precedence
18:47:20.049 [Test worker] DEBUG org.springframework.core.env.StandardEnvironment - Initialized StandardEnvironment with PropertySources [systemProperties,systemEnvironment]
18:47:20.051 [Test worker] DEBUG org.springframework.test.context.support.TestPropertySourceUtils - Adding inlined properties to environment: {spring.jmx.enabled=false, org.springframework.boot.test.context.SpringBootTestContextBootstrapper=true, server.port=-1}
18:47:20.057 [Test worker] DEBUG org.springframework.core.env.StandardEnvironment - Adding [Inlined Test Properties] PropertySource with highest search precedence

  .   ____          _            __ _ _
 /\\ / ___'_ __ _ _(_)_ __  __ _ \ \ \ \
( ( )\___ | '_ | '_| | '_ \/ _` | \ \ \ \
 \\/  ___)| |_)| | | | | || (_| |  ) ) ) )
  '  |____| .__|_| |_|_| |_\__, | / / / /
 =========|_|==============|___/=/_/_/_/
 :: Spring Boot ::        (v1.4.2.RELEASE)

2016-12-08 18:47:21.745  INFO 15380 --- [    Test worker] com.tripsta.talos.TalosApplicationTests  : Starting TalosApplicationTests on thodoras-Latitude-E7470 with PID 15380 (started by thodoras in /home/thodoras/projects/talos_rework)
2016-12-08 18:47:21.759  INFO 15380 --- [    Test worker] com.tripsta.talos.TalosApplicationTests  : No active profile set, falling back to default profiles: default
2016-12-08 18:47:22.048  INFO 15380 --- [    Test worker] o.s.w.c.s.GenericWebApplicationContext   : Refreshing org.springframework.web.context.support.GenericWebApplicationContext@2d1f0d62: startup date [Thu Dec 08 18:47:22 EET 2016]; root of context hierarchy
2016-12-08 18:47:27.441  INFO 15380 --- [    Test worker] trationDelegate$BeanPostProcessorChecker : Bean 'org.springframework.transaction.annotation.ProxyTransactionManagementConfiguration' of type [class org.springframework.transaction.annotation.ProxyTransactionManagementConfiguration$$EnhancerBySpringCGLIB$$3213b58c] is not eligible for getting processed by all BeanPostProcessors (for example: not eligible for auto-proxying)
2016-12-08 18:47:28.476  INFO 15380 --- [    Test worker] j.LocalContainerEntityManagerFactoryBean : Building JPA container EntityManagerFactory for persistence unit 'default'
2016-12-08 18:47:28.534  INFO 15380 --- [    Test worker] o.hibernate.jpa.internal.util.LogHelper  : HHH000204: Processing PersistenceUnitInfo [
	name: default
	...]
2016-12-08 18:47:28.672  INFO 15380 --- [    Test worker] org.hibernate.Version                    : HHH000412: Hibernate Core {5.0.11.Final}
2016-12-08 18:47:28.677  INFO 15380 --- [    Test worker] org.hibernate.cfg.Environment            : HHH000206: hibernate.properties not found
2016-12-08 18:47:28.683  INFO 15380 --- [    Test worker] org.hibernate.cfg.Environment            : HHH000021: Bytecode provider name : javassist
2016-12-08 18:47:28.766  INFO 15380 --- [    Test worker] o.hibernate.annotations.common.Version   : HCANN000001: Hibernate Commons Annotations {5.0.1.Final}
2016-12-08 18:47:29.634  INFO 15380 --- [    Test worker] org.hibernate.dialect.Dialect            : HHH000400: Using dialect: org.hibernate.dialect.MySQL5Dialect
2016-12-08 18:47:30.802  INFO 15380 --- [    Test worker] org.hibernate.tool.hbm2ddl.SchemaUpdate  : HHH000228: Running hbm2ddl schema update
2016-12-08 18:47:31.002  INFO 15380 --- [    Test worker] j.LocalContainerEntityManagerFactoryBean : Initialized JPA EntityManagerFactory for persistence unit 'default'
2016-12-08 18:47:34.663  INFO 15380 --- [    Test worker] s.w.s.m.m.a.RequestMappingHandlerAdapter : Looking for @ControllerAdvice: org.springframework.web.context.support.GenericWebApplicationContext@2d1f0d62: startup date [Thu Dec 08 18:47:22 EET 2016]; root of context hierarchy
2016-12-08 18:47:34.877  INFO 15380 --- [    Test worker] s.w.s.m.m.a.RequestMappingHandlerMapping : Mapped "{[/user/{id}],methods=[GET],produces=[application/json;charset=UTF-8]}" onto public com.tripsta.talos.dto.UserDto.UserRequestDto com.tripsta.talos.web.controllers.UserController.getUser(java.lang.String)
2016-12-08 18:47:34.879  INFO 15380 --- [    Test worker] s.w.s.m.m.a.RequestMappingHandlerMapping : Mapped "{[/user],methods=[POST],consumes=[application/json;charset=UTF-8],produces=[application/json;charset=UTF-8]}" onto public com.tripsta.talos.dto.UserDto.UserResponseDto com.tripsta.talos.web.controllers.UserController.createUser(com.tripsta.talos.dto.UserDto.UserRequestDto)
2016-12-08 18:47:34.897  INFO 15380 --- [    Test worker] s.w.s.m.m.a.RequestMappingHandlerMapping : Mapped "{[/error],produces=[text/html]}" onto public org.springframework.web.servlet.ModelAndView org.springframework.boot.autoconfigure.web.BasicErrorController.errorHtml(javax.servlet.http.HttpServletRequest,javax.servlet.http.HttpServletResponse)
2016-12-08 18:47:34.899  INFO 15380 --- [    Test worker] s.w.s.m.m.a.RequestMappingHandlerMapping : Mapped "{[/error]}" onto public org.springframework.http.ResponseEntity<java.util.Map<java.lang.String, java.lang.Object>> org.springframework.boot.autoconfigure.web.BasicErrorController.error(javax.servlet.http.HttpServletRequest)
2016-12-08 18:47:35.040  INFO 15380 --- [    Test worker] o.s.w.s.handler.SimpleUrlHandlerMapping  : Mapped URL path [/webjars/**] onto handler of type [class org.springframework.web.servlet.resource.ResourceHttpRequestHandler]
2016-12-08 18:47:35.042  INFO 15380 --- [    Test worker] o.s.w.s.handler.SimpleUrlHandlerMapping  : Mapped URL path [/**] onto handler of type [class org.springframework.web.servlet.resource.ResourceHttpRequestHandler]
2016-12-08 18:47:35.227  INFO 15380 --- [    Test worker] o.s.w.s.handler.SimpleUrlHandlerMapping  : Mapped URL path [/**/favicon.ico] onto handler of type [class org.springframework.web.servlet.resource.ResourceHttpRequestHandler]
2016-12-08 18:47:36.148  INFO 15380 --- [    Test worker] com.tripsta.talos.TalosApplicationTests  : Started TalosApplicationTests in 16.046 seconds (JVM running for 18.257)
]]></system-out>
  <system-err><![CDATA[Thu Dec 08 18:47:29 EET 2016 WARN: Establishing SSL connection without server's identity verification is not recommended. According to MySQL 5.5.45+, 5.6.26+ and 5.7.6+ requirements SSL connection must be established by default if explicit option isn't set. For compliance with existing applications not using SSL the verifyServerCertificate property is set to 'false'. You need either to explicitly disable SSL by setting useSSL=false, or set useSSL=true and provide truststore for server certificate verification.
Thu Dec 08 18:47:29 EET 2016 WARN: Establishing SSL connection without server's identity verification is not recommended. According to MySQL 5.5.45+, 5.6.26+ and 5.7.6+ requirements SSL connection must be established by default if explicit option isn't set. For compliance with existing applications not using SSL the verifyServerCertificate property is set to 'false'. You need either to explicitly disable SSL by setting useSSL=false, or set useSSL=true and provide truststore for server certificate verification.
Thu Dec 08 18:47:29 EET 2016 WARN: Establishing SSL connection without server's identity verification is not recommended. According to MySQL 5.5.45+, 5.6.26+ and 5.7.6+ requirements SSL connection must be established by default if explicit option isn't set. For compliance with existing applications not using SSL the verifyServerCertificate property is set to 'false'. You need either to explicitly disable SSL by setting useSSL=false, or set useSSL=true and provide truststore for server certificate verification.
Thu Dec 08 18:47:29 EET 2016 WARN: Establishing SSL connection without server's identity verification is not recommended. According to MySQL 5.5.45+, 5.6.26+ and 5.7.6+ requirements SSL connection must be established by default if explicit option isn't set. For compliance with existing applications not using SSL the verifyServerCertificate property is set to 'false'. You need either to explicitly disable SSL by setting useSSL=false, or set useSSL=true and provide truststore for server certificate verification.
Thu Dec 08 18:47:29 EET 2016 WARN: Establishing SSL connection without server's identity verification is not recommended. According to MySQL 5.5.45+, 5.6.26+ and 5.7.6+ requirements SSL connection must be established by default if explicit option isn't set. For compliance with existing applications not using SSL the verifyServerCertificate property is set to 'false'. You need either to explicitly disable SSL by setting useSSL=false, or set useSSL=true and provide truststore for server certificate verification.
Thu Dec 08 18:47:29 EET 2016 WARN: Establishing SSL connection without server's identity verification is not recommended. According to MySQL 5.5.45+, 5.6.26+ and 5.7.6+ requirements SSL connection must be established by default if explicit option isn't set. For compliance with existing applications not using SSL the verifyServerCertificate property is set to 'false'. You need either to explicitly disable SSL by setting useSSL=false, or set useSSL=true and provide truststore for server certificate verification.
Thu Dec 08 18:47:29 EET 2016 WARN: Establishing SSL connection without server's identity verification is not recommended. According to MySQL 5.5.45+, 5.6.26+ and 5.7.6+ requirements SSL connection must be established by default if explicit option isn't set. For compliance with existing applications not using SSL the verifyServerCertificate property is set to 'false'. You need either to explicitly disable SSL by setting useSSL=false, or set useSSL=true and provide truststore for server certificate verification.
Thu Dec 08 18:47:29 EET 2016 WARN: Establishing SSL connection without server's identity verification is not recommended. According to MySQL 5.5.45+, 5.6.26+ and 5.7.6+ requirements SSL connection must be established by default if explicit option isn't set. For compliance with existing applications not using SSL the verifyServerCertificate property is set to 'false'. You need either to explicitly disable SSL by setting useSSL=false, or set useSSL=true and provide truststore for server certificate verification.
Thu Dec 08 18:47:29 EET 2016 WARN: Establishing SSL connection without server's identity verification is not recommended. According to MySQL 5.5.45+, 5.6.26+ and 5.7.6+ requirements SSL connection must be established by default if explicit option isn't set. For compliance with existing applications not using SSL the verifyServerCertificate property is set to 'false'. You need either to explicitly disable SSL by setting useSSL=false, or set useSSL=true and provide truststore for server certificate verification.
Thu Dec 08 18:47:29 EET 2016 WARN: Establishing SSL connection without server's identity verification is not recommended. According to MySQL 5.5.45+, 5.6.26+ and 5.7.6+ requirements SSL connection must be established by default if explicit option isn't set. For compliance with existing applications not using SSL the verifyServerCertificate property is set to 'false'. You need either to explicitly disable SSL by setting useSSL=false, or set useSSL=true and provide truststore for server certificate verification.
]]></system-err>
</testsuite>
